[    0.000000] Initializing cgroup subsys cpuset
[    0.000000] Initializing cgroup subsys cpu
[    0.000000] Initializing cgroup subsys cpuacct
[    0.000000] Linux version 4.4.0-210-generic (buildd@lgw01-amd64-009) (gcc version 5.4.0 20160609 (Ubuntu 5.4.0-6ubuntu1~16.04.12) ) #242-Ubuntu SMP Fri Apr 16 09:57:56 UTC 2021 (Ubuntu 4.4.0-210.242-generic 4.4.262)
[    0.000000] Command line: BOOT_IMAGE=/boot/vmlinuz-4.4.0-210-generic root=LABEL=cloudimg-rootfs ro console=tty1 console=ttyS0
[    0.000000] KERNEL supported cpus:
[    0.000000]   Intel GenuineIntel
[    0.000000]   AMD AuthenticAMD
[    0.000000]   Centaur CentaurHauls
[    0.000000] x86/fpu: xstate_offset[2]:  576, xstate_sizes[2]:  256
[    0.000000] x86/fpu: Supporting XSAVE feature 0x01: 'x87 floating point registers'
[    0.000000] x86/fpu: Supporting XSAVE feature 0x02: 'SSE registers'
[    0.000000] x86/fpu: Supporting XSAVE feature 0x04: 'AVX registers'
[    0.000000] x86/fpu: Enabled xstate features 0x7, context size is 832 bytes, using 'standard' format.
[    0.000000] e820: BIOS-provided physical RAM map:
[    0.000000] BIOS-e820: [mem 0x0000000000000000-0x000000000009fbff] usable
[    0.000000] BIOS-e820: [mem 0x000000000009fc00-0x000000000009ffff] reserved
[    0.000000] BIOS-e820: [mem 0x00000000000f0000-0x00000000000fffff] reserved
[    0.000000] BIOS-e820: [mem 0x0000000000100000-0x000000003ffeffff] usable
[    0.000000] BIOS-e820: [mem 0x000000003fff0000-0x000000003fffffff] ACPI data
[    0.000000] BIOS-e820: [mem 0x00000000fec00000-0x00000000fec00fff] reserved
[    0.000000] BIOS-e820: [mem 0x00000000fee00000-0x00000000fee00fff] reserved
[    0.000000] BIOS-e820: [mem 0x00000000fffc0000-0x00000000ffffffff] reserved
[    0.000000] NX (Execute Disable) protection: active
[    0.000000] SMBIOS 2.5 present.
[    0.000000] Hypervisor detected: KVM
[    0.000000] Kernel/User page tables isolation: disabled
[    0.000000] e820: last_pfn = 0x3fff0 max_arch_pfn = 0x400000000
[    0.000000] MTRR: Disabled
[    0.000000] x86/PAT: MTRRs disabled, skipping PAT initialization too.
[    0.000000] CPU MTRRs all blank - virtualized system.
[    0.000000] x86/PAT: Configuration [0-7]: WB  WT  UC- UC  WB  WT  UC- UC  
[    0.000000] found SMP MP-table at [mem 0x0009fff0-0x0009ffff] mapped at [ffff88000009fff0]
[    0.000000] Scanning 1 areas for low memory corruption
[    0.000000] RAMDISK: [mem 0x362de000-0x37166fff]
[    0.000000] ACPI: Early table checksum verification disabled
[    0.000000] ACPI: RSDP 0x00000000000E0000 000024 (v02 VBOX  )
[    0.000000] ACPI: XSDT 0x000000003FFF0030 00003C (v01 VBOX   VBOXXSDT 00000001 ASL  00000061)
[    0.000000] ACPI: FACP 0x000000003FFF00F0 0000F4 (v04 VBOX   VBOXFACP 00000001 ASL  00000061)
[    0.000000] ACPI: DSDT 0x000000003FFF0470 002325 (v02 VBOX   VBOXBIOS 00000002 INTL 20100528)
[    0.000000] ACPI: FACS 0x000000003FFF0200 000040
[    0.000000] ACPI: FACS 0x000000003FFF0200 000040
[    0.000000] ACPI: APIC 0x000000003FFF0240 00005C (v02 VBOX   VBOXAPIC 00000001 ASL  00000061)
[    0.000000] ACPI: SSDT 0x000000003FFF02A0 0001CC (v01 VBOX   VBOXCPUT 00000002 INTL 20100528)
[    0.000000] No NUMA configuration found
[    0.000000] Faking a node at [mem 0x0000000000000000-0x000000003ffeffff]
[    0.000000] NODE_DATA(0) allocated [mem 0x3ffeb000-0x3ffeffff]
[    0.000000] kvm-clock: Using msrs 4b564d01 and 4b564d00
[    0.000000] kvm-clock: cpu 0, msr 0:3ffe3001, primary cpu clock
[    0.000000] kvm-clock: using sched offset of 3437999895 cycles
[    0.000000] clocksource: kvm-clock: mask: 0xffffffffffffffff max_cycles: 0x1cd42e4dffb, max_idle_ns: 881590591483 ns
[    0.000000] Zone ranges:
[    0.000000]   DMA      [mem 0x0000000000001000-0x0000000000ffffff]
[    0.000000]   DMA32    [mem 0x0000000001000000-0x000000003ffeffff]
[    0.000000]   Normal   empty
[    0.000000]   Device   empty
[    0.000000] Movable zone start for each node
[    0.000000] Early memory node ranges
[    0.000000]   node   0: [mem 0x0000000000001000-0x000000000009efff]
[    0.000000]   node   0: [mem 0x0000000000100000-0x000000003ffeffff]
[    0.000000] Initmem setup node 0 [mem 0x0000000000001000-0x000000003ffeffff]
[    0.000000] ACPI: PM-Timer IO Port: 0x4008
[    0.000000] IOAPIC[0]: apic_id 2, version 32, address 0xfec00000, GSI 0-23
[    0.000000] ACPI: INT_SRC_OVR (bus 0 bus_irq 0 global_irq 2 dfl dfl)
[    0.000000] ACPI: INT_SRC_OVR (bus 0 bus_irq 9 global_irq 9 low level)
[    0.000000] Using ACPI (MADT) for SMP configuration information
[    0.000000] smpboot: Allowing 2 CPUs, 0 hotplug CPUs
[    0.000000] PM: Registered nosave memory: [mem 0x00000000-0x00000fff]
[    0.000000] PM: Registered nosave memory: [mem 0x0009f000-0x0009ffff]
[    0.000000] PM: Registered nosave memory: [mem 0x000a0000-0x000effff]
[    0.000000] PM: Registered nosave memory: [mem 0x000f0000-0x000fffff]
[    0.000000] e820: [mem 0x40000000-0xfebfffff] available for PCI devices
[    0.000000] Booting paravirtualized kernel on KVM
[    0.000000] clocksource: refined-jiffies: mask: 0xffffffff max_cycles: 0xffffffff, max_idle_ns: 7645519600211568 ns
[    0.000000] setup_percpu: NR_CPUS:512 nr_cpumask_bits:512 nr_cpu_ids:2 nr_node_ids:1
[    0.000000] PERCPU: Embedded 33 pages/cpu @ffff88003fc00000 s95192 r8192 d31784 u1048576
[    0.000000] Built 1 zonelists in Node order, mobility grouping on.  Total pages: 257912
[    0.000000] Policy zone: DMA32
[    0.000000] Kernel command line: BOOT_IMAGE=/boot/vmlinuz-4.4.0-210-generic root=LABEL=cloudimg-rootfs ro console=tty1 console=ttyS0
[    0.000000] PID hash table entries: 4096 (order: 3, 32768 bytes)
[    0.000000] Memory: 997796K/1048120K available (8644K kernel code, 1332K rwdata, 4044K rodata, 1492K init, 1164K bss, 50324K reserved, 0K cma-reserved)
[    0.000000] SLUB: HWalign=64, Order=0-3, MinObjects=0, CPUs=2, Nodes=1
[    0.000000] Hierarchical RCU implementation.
[    0.000000] 	Build-time adjustment of leaf fanout to 64.
[    0.000000] 	RCU restricting CPUs from NR_CPUS=512 to nr_cpu_ids=2.
[    0.000000] RCU: Adjusting geometry for rcu_fanout_leaf=64, nr_cpu_ids=2
[    0.000000] NR_IRQS:33024 nr_irqs:440 16
[    0.000000] Console: colour VGA+ 80x25
[    0.000000] console [tty1] enabled
[    0.000000] console [ttyS0] enabled
[    0.000000] tsc: Detected 1991.999 MHz processor
[    0.185612] Calibrating delay loop (skipped) preset value.. 3983.99 BogoMIPS (lpj=7967996)
[    0.187728] pid_max: default: 32768 minimum: 301
[    0.188806] ACPI: Core revision 20150930
[    0.191182] ACPI: 2 ACPI AML tables successfully acquired and loaded
[    0.192813] Security Framework initialized
[    0.193757] Yama: becoming mindful.
[    0.194527] AppArmor: AppArmor initialized
[    0.195431] Dentry cache hash table entries: 131072 (order: 8, 1048576 bytes)
[    0.197011] Inode-cache hash table entries: 65536 (order: 7, 524288 bytes)
[    0.202926] Mount-cache hash table entries: 2048 (order: 2, 16384 bytes)
[    0.204331] Mountpoint-cache hash table entries: 2048 (order: 2, 16384 bytes)
[    0.205922] Initializing cgroup subsys io
[    0.206857] Initializing cgroup subsys memory
[    0.207783] Initializing cgroup subsys devices
[    0.208816] Initializing cgroup subsys freezer
[    0.209747] Initializing cgroup subsys net_cls
[    0.210680] Initializing cgroup subsys perf_event
[    0.211715] Initializing cgroup subsys net_prio
[    0.212874] Initializing cgroup subsys hugetlb
[    0.213768] Initializing cgroup subsys pids
[    0.216330] mce: CPU supports 0 MCE banks
[    0.217218] Last level iTLB entries: 4KB 64, 2MB 8, 4MB 8
[    0.218408] Last level dTLB entries: 4KB 64, 2MB 0, 4MB 0, 1GB 4
[    0.219718] Spectre V1 : Mitigation: usercopy/swapgs barriers and __user pointer sanitization
[    0.221780] Spectre V2 : Mitigation: Full generic retpoline
[    0.223060] Spectre V2 : Spectre v2 / SpectreRSB mitigation: Filling RSB on context switch
[    0.224997] Speculative Store Bypass: Vulnerable
[    0.226089] SRBDS: Unknown: Dependent on hypervisor status
[    0.227278] MDS: Mitigation: Clear CPU buffers
[    0.230748] Freeing SMP alternatives memory: 36K
[    0.237176] ftrace: allocating 32380 entries in 127 pages
[    0.290037] smpboot: APIC(0) Converting physical 0 to logical package 0
[    0.291308] smpboot: Max logical packages: 1
[    0.292612] x2apic enabled
[    0.293579] Switched APIC routing to physical x2apic.
[    0.295832] ..TIMER: vector=0x30 apic1=0 pin1=2 apic2=-1 pin2=-1
[    0.409009] APIC calibration not consistent with PM-Timer: 103ms instead of 100ms
[    0.410514] APIC delta adjusted to PM-Timer: 6250007 (6491188)
[    0.411615] smpboot: CPU0: Intel(R) Core(TM) i7-8565U CPU @ 1.80GHz (family: 0x6, model: 0x8e, stepping: 0xb)
[    0.413912] Performance Events: unsupported p6 CPU model 142 no PMU driver, software events only.
[    0.422412] KVM setup paravirtual spinlock
[    0.424093] x86: Booting SMP configuration:
[    0.424987] .... node  #0, CPUs:      #1
[    0.426013] kvm-clock: cpu 1, msr 0:3ffe3041, secondary cpu clock
[    0.428891] mce: CPU supports 0 MCE banks
[    0.440471] x86: Booted up 1 node, 2 CPUs
[    0.442186] smpboot: Total of 2 processors activated (7967.99 BogoMIPS)
[    0.445203] devtmpfs: initialized
[    0.448010] evm: security.selinux
[    0.449093] evm: security.SMACK64
[    0.449932] evm: security.SMACK64EXEC
[    0.451348] evm: security.SMACK64TRANSMUTE
[    0.452558] evm: security.SMACK64MMAP
[    0.453495] evm: security.ima
[    0.454338] evm: security.capability
[    0.455550] clocksource: jiffies: mask: 0xffffffff max_cycles: 0xffffffff, max_idle_ns: 7645041785100000 ns
[    0.458110] futex hash table entries: 512 (order: 3, 32768 bytes)
[    0.459684] pinctrl core: initialized pinctrl subsystem
[    0.461192] RTC time: 16:34:34, date: 05/22/21
[    0.467603] NET: Registered protocol family 16
[    0.481384] cpuidle: using governor ladder
[    0.493375] cpuidle: using governor menu
[    0.494371] PCCT header not found.
[    0.495234] ACPI: bus type PCI registered
[    0.496325] acpiphp: ACPI Hot Plug PCI Controller Driver version: 0.5
[    0.497872] PCI: Using configuration type 1 for base access
[    0.515087] ACPI: Added _OSI(Module Device)
[    0.516383] ACPI: Added _OSI(Processor Device)
[    0.517390] ACPI: Added _OSI(3.0 _SCP Extensions)
[    0.518451] ACPI: Added _OSI(Processor Aggregator Device)
[    0.520465] ACPI: Executed 1 blocks of module-level executable AML code
[    0.524176] ACPI: Interpreter enabled
[    0.525088] ACPI: (supports S0 S5)
[    0.525943] ACPI: Using IOAPIC for interrupt routing
[    0.527207] PCI: Using host bridge windows from ACPI; if necessary, use "pci=nocrs" and report a bug
[    0.532374] ACPI: PCI Root Bridge [PCI0] (domain 0000 [bus 00-ff])
[    0.533545] acpi PNP0A03:00: _OSC: OS supports [ASPM ClockPM Segments MSI]
[    0.535092] acpi PNP0A03:00: _OSC: not requesting OS control; OS requires [ExtendedConfig ASPM ClockPM MSI]
[    0.537112] acpi PNP0A03:00: fail to add MMCONFIG information, can't access extended PCI configuration space under this bridge.
[    0.539477] PCI host bridge to bus 0000:00
[    0.540420] pci_bus 0000:00: root bus resource [io  0x0000-0x0cf7 window]
[    0.541764] pci_bus 0000:00: root bus resource [io  0x0d00-0xffff window]
[    0.542981] pci_bus 0000:00: root bus resource [mem 0x000a0000-0x000bffff window]
[    0.544587] pci_bus 0000:00: root bus resource [mem 0x40000000-0xfdffffff window]
[    0.546060] pci_bus 0000:00: root bus resource [bus 00-ff]
[    0.559205] pci 0000:00:01.1: legacy IDE quirk: reg 0x10: [io  0x01f0-0x01f7]
[    0.560832] pci 0000:00:01.1: legacy IDE quirk: reg 0x14: [io  0x03f6]
[    0.562015] pci 0000:00:01.1: legacy IDE quirk: reg 0x18: [io  0x0170-0x0177]
[    0.563263] pci 0000:00:01.1: legacy IDE quirk: reg 0x1c: [io  0x0376]
[    0.574739] pci 0000:00:07.0: quirk: [io  0x4000-0x403f] claimed by PIIX4 ACPI
[    0.576483] pci 0000:00:07.0: quirk: [io  0x4100-0x410f] claimed by PIIX4 SMB
[    0.584541] ACPI: PCI Interrupt Link [LNKA] (IRQs 5 9 10 *11)
[    0.586638] ACPI: PCI Interrupt Link [LNKB] (IRQs 5 9 *10 11)
[    0.588731] ACPI: PCI Interrupt Link [LNKC] (IRQs 5 *9 10 11)
[    0.590546] ACPI: PCI Interrupt Link [LNKD] (IRQs 5 9 10 *11)
[    0.592543] ACPI: Enabled 2 GPEs in block 00 to 07
[    0.594064] vgaarb: setting as boot device: PCI:0000:00:02.0
[    0.595295] vgaarb: device added: PCI:0000:00:02.0,decodes=io+mem,owns=io+mem,locks=none
[    0.597206] vgaarb: loaded
[    0.597918] vgaarb: bridge control possible 0000:00:02.0
[    0.599435] SCSI subsystem initialized
[    0.601638] ACPI: bus type USB registered
[    0.603048] usbcore: registered new interface driver usbfs
[    0.604701] usbcore: registered new interface driver hub
[    0.605959] usbcore: registered new device driver usb
[    0.607751] PCI: Using ACPI for IRQ routing
[    0.609699] NetLabel: Initializing
[    0.610625] NetLabel:  domain hash size = 128
[    0.611621] NetLabel:  protocols = UNLABELED CIPSOv4
[    0.613492] NetLabel:  unlabeled traffic allowed by default
[    0.615014] amd_nb: Cannot enumerate AMD northbridges
[    0.616358] clocksource: Switched to clocksource kvm-clock
[    0.633278] AppArmor: AppArmor Filesystem Enabled
[    0.634423] pnp: PnP ACPI init
[    0.635914] pnp: PnP ACPI: found 3 devices
[    0.644677] clocksource: acpi_pm: mask: 0xffffff max_cycles: 0xffffff, max_idle_ns: 2085701024 ns
[    0.646660] NET: Registered protocol family 2
[    0.647745] TCP established hash table entries: 8192 (order: 4, 65536 bytes)
[    0.649154] TCP bind hash table entries: 8192 (order: 5, 131072 bytes)
[    0.650412] TCP: Hash tables configured (established 8192 bind 8192)
[    0.651651] UDP hash table entries: 512 (order: 2, 16384 bytes)
[    0.652940] UDP-Lite hash table entries: 512 (order: 2, 16384 bytes)
[    0.654094] NET: Registered protocol family 1
[    0.654976] pci 0000:00:00.0: Limiting direct PCI/PCI transfers
[    0.656071] pci 0000:00:01.0: Activating ISA DMA hang workarounds
[    0.661972] Unpacking initramfs...
[    0.893539] Freeing initrd memory: 14884K
[    0.894678] clocksource: tsc: mask: 0xffffffffffffffff max_cycles: 0x396d4ffc055, max_idle_ns: 881590662783 ns
[    0.896788] platform rtc_cmos: registered platform RTC device (no PNP device found)
[    0.898385] Scanning for low memory corruption every 60 seconds
[    0.900115] audit: initializing netlink subsys (disabled)
[    0.901372] audit: type=2000 audit(1621701279.778:1): initialized
[    0.902875] Initialise system trusted keyring
[    0.903953] HugeTLB registered 2 MB page size, pre-allocated 0 pages
[    0.906251] zbud: loaded
[    0.907201] VFS: Disk quotas dquot_6.6.0
[    0.908156] VFS: Dquot-cache hash table entries: 512 (order 0, 4096 bytes)
[    0.909899] squashfs: version 4.0 (2009/01/31) Phillip Lougher
[    0.911385] fuse init (API version 7.23)
[    0.912470] Key type big_key registered
[    0.913349] Allocating IMA MOK and blacklist keyrings.
[    0.920073] Key type asymmetric registered
[    0.921337] Asymmetric key parser 'x509' registered
[    0.922412] Block layer SCSI generic (bsg) driver version 0.4 loaded (major 249)
[    0.924052] io scheduler noop registered
[    0.925123] io scheduler deadline registered (default)
[    0.926286] io scheduler cfq registered
[    0.927194] pci_hotplug: PCI Hot Plug PCI Core version: 0.5
[    0.928495] pciehp: PCI Express Hot Plug Controller Driver version: 0.4
[    0.930078] ACPI: AC Adapter [AC] (on-line)
[    0.931099] input: Power Button as /devices/LNXSYSTM:00/LNXPWRBN:00/input/input0
[    0.932835] ACPI: Power Button [PWRF]
[    0.933828] input: Sleep Button as /devices/LNXSYSTM:00/LNXSLPBN:00/input/input1
[    0.935394] ACPI: Sleep Button [SLPF]
[    0.936410] GHES: HEST is not enabled!
[    0.937105] ACPI: Battery Slot [BAT0] (battery present)
[    0.938709] Serial: 8250/16550 driver, 32 ports, IRQ sharing enabled
[    0.960650] 00:02: ttyS0 at I/O 0x3f8 (irq = 4, base_baud = 115200) is a 16550A
[    0.964515] Linux agpgart interface v0.103
[    0.966271] loop: module loaded
[    0.967303] scsi host0: ata_piix
[    0.968156] scsi host1: ata_piix
[    0.969059] ata1: PATA max UDMA/33 cmd 0x1f0 ctl 0x3f6 bmdma 0xd000 irq 14
[    0.970198] ata2: PATA max UDMA/33 cmd 0x170 ctl 0x376 bmdma 0xd008 irq 15
[    0.971582] libphy: Fixed MDIO Bus: probed
[    0.972573] tun: Universal TUN/TAP device driver, 1.6
[    0.973807] tun: (C) 1999-2004 Max Krasnyansky <maxk@qualcomm.com>
[    0.975332] PPP generic driver version 2.4.2
[    0.976575] ehci_hcd: USB 2.0 'Enhanced' Host Controller (EHCI) Driver
[    0.978119] ehci-pci: EHCI PCI platform driver
[    0.978960] ehci-platform: EHCI generic platform driver
[    0.980011] ohci_hcd: USB 1.1 'Open' Host Controller (OHCI) Driver
[    0.981164] ohci-pci: OHCI PCI platform driver
[    0.981946] ohci-platform: OHCI generic platform driver
[    0.982864] uhci_hcd: USB Universal Host Controller Interface driver
[    0.983969] i8042: PNP: PS/2 Controller [PNP0303:PS2K,PNP0f03:PS2M] at 0x60,0x64 irq 1,12
[    0.986107] serio: i8042 KBD port at 0x60,0x64 irq 1
[    0.987060] serio: i8042 AUX port at 0x60,0x64 irq 12
[    0.988097] mousedev: PS/2 mouse device common for all mice
[    0.989420] input: AT Translated Set 2 keyboard as /devices/platform/i8042/serio0/input/input2
[    0.991363] rtc_cmos rtc_cmos: rtc core: registered rtc_cmos as rtc0
[    0.992558] rtc_cmos rtc_cmos: alarms up to one day, 114 bytes nvram
[    0.993641] i2c /dev entries driver
[    0.994376] device-mapper: uevent: version 1.0.3
[    0.995317] device-mapper: ioctl: 4.34.0-ioctl (2015-10-28) initialised: dm-devel@redhat.com
[    0.996961] ledtrig-cpu: registered to indicate activity on CPUs
[    0.998324] NET: Registered protocol family 10
[    0.999279] NET: Registered protocol family 17
[    1.000123] Key type dns_resolver registered
[    1.001267] registered taskstats version 1
[    1.002066] Loading compiled-in X.509 certificates
[    1.003355] Loaded X.509 cert 'Build time autogenerated kernel key: cf00e047681d67edb2720680708b7d9498083038'
[    1.005247] zswap: loaded using pool lzo/zbud
[    1.007281] Key type trusted registered
[    1.010145] Key type encrypted registered
[    1.011004] AppArmor: AppArmor sha1 policy hashing enabled
[    1.012113] ima: No TPM chip found, activating TPM-bypass!
[    1.013665] ima: Allocated hash algorithm: sha1
[    1.014660] evm: HMAC attrs: 0x1
[    1.015862]   Magic number: 5:374:591
[    1.016804] rtc_cmos rtc_cmos: setting system clock to 2021-05-22 16:34:35 UTC (1621701275)
[    1.018963] BIOS EDD facility v0.16 2004-Jun-25, 0 devices found
[    1.020186] EDD information not available.
[    1.156934] Freeing unused kernel memory: 1492K
[    1.158707] Write protecting the kernel read-only data: 14336k
[    1.161759] Freeing unused kernel memory: 1584K
[    1.163234] Freeing unused kernel memory: 52K
Loading, please wait...
starting version 229
[    1.177476] random: systemd-udevd: uninitialized urandom read (16 bytes read, 3 bits of entropy available)
[    1.178157] random: udevadm: uninitialized urandom read (16 bytes read, 3 bits of entropy available)
[    1.178175] random: udevadm: uninitialized urandom read (16 bytes read, 3 bits of entropy available)
[    1.188047] random: udevadm: uninitialized urandom read (16 bytes read, 3 bits of entropy available)
[    1.188081] random: udevadm: uninitialized urandom read (16 bytes read, 3 bits of entropy available)
[    1.188202] random: udevadm: uninitialized urandom read (16 bytes read, 3 bits of entropy available)
[    1.188245] random: udevadm: uninitialized urandom read (16 bytes read, 3 bits of entropy available)
[    1.188286] random: udevadm: uninitialized urandom read (16 bytes read, 3 bits of entropy available)
[    1.188377] random: udevadm: uninitialized urandom read (16 bytes read, 3 bits of entropy available)
[    1.188429] random: udevadm: uninitialized urandom read (16 bytes read, 3 bits of entropy available)
[    1.230707] e1000: Intel(R) PRO/1000 Network Driver - version 7.3.21-k8-NAPI
[    1.231968] e1000: Copyright (c) 1999-2006 Intel Corporation.
[    1.235162] Fusion MPT base driver 3.04.20
[    1.236039] Copyright (c) 1999-2008 LSI Corporation
[    1.252289] Fusion MPT SPI Host driver 3.04.20
[    1.255341] AVX2 version of gcm_enc/dec engaged.
[    1.256564] AES CTR mode by8 optimization enabled
[    1.457077] input: ImExPS/2 Generic Explorer Mouse as /devices/platform/i8042/serio1/input/input4
[    1.592799] e1000 0000:00:03.0 eth0: (PCI:33MHz:32-bit) 02:ed:98:3c:8e:82
[    1.594282] e1000 0000:00:03.0 eth0: Intel(R) PRO/1000 Network Connection
[    1.596431] mptbase: ioc0: Initiating bringup
[    1.661385] ioc0: LSI53C1030 A0: Capabilities={Initiator}
[    1.824999] scsi host2: ioc0: LSI53C1030 A0, FwRev=00000000h, Ports=1, MaxQ=256, IRQ=20
[    1.941789] scsi 2:0:0:0: Direct-Access     VBOX     HARDDISK         1.0  PQ: 0 ANSI: 5
[    1.947007] scsi target2:0:0: Beginning Domain Validation
[    1.951061] scsi target2:0:0: Domain Validation skipping write tests
[    1.952679] scsi target2:0:0: Ending Domain Validation
[    1.954167] scsi target2:0:0: asynchronous
[    1.956125] scsi 2:0:1:0: Direct-Access     VBOX     HARDDISK         1.0  PQ: 0 ANSI: 5
[    1.958337] scsi target2:0:1: Beginning Domain Validation
[    1.974841] scsi target2:0:1: Domain Validation skipping write tests
[    1.976614] scsi target2:0:1: Ending Domain Validation
[    1.978203] scsi target2:0:1: asynchronous
[    1.997086] sd 2:0:0:0: Attached scsi generic sg0 type 0
[    1.998717] sd 2:0:0:0: [sda] 83886080 512-byte logical blocks: (42.9 GB/40.0 GiB)
[    2.001360] sd 2:0:1:0: Attached scsi generic sg1 type 0
[    2.002833] sd 2:0:1:0: [sdb] 20480 512-byte logical blocks: (10.5 MB/10.0 MiB)
[    2.005457] sd 2:0:0:0: [sda] Write Protect is off
[    2.006820] sd 2:0:1:0: [sdb] Write Protect is off
[    2.008477] sd 2:0:0:0: [sda] Incomplete mode parameter data
[    2.010027] sd 2:0:0:0: [sda] Assuming drive cache: write through
[    2.011655] sd 2:0:1:0: [sdb] Incomplete mode parameter data
[    2.013169] sd 2:0:1:0: [sdb] Assuming drive cache: write through
[    2.020305]  sda: sda1
[    2.022518] sd 2:0:0:0: [sda] Attached SCSI disk
[    2.025729] sd 2:0:1:0: [sdb] Attached SCSI disk
[    2.320128] e1000 0000:00:08.0 eth1: (PCI:33MHz:32-bit) 08:00:27:c3:db:c0
[    2.322091] e1000 0000:00:08.0 eth1: Intel(R) PRO/1000 Network Connection
[    2.325934] e1000 0000:00:03.0 enp0s3: renamed from eth0
[    2.345288] e1000 0000:00:08.0 enp0s8: renamed from eth1
Begin: Loading essential drivers ... [    3.755918] md: linear personality registered for level -1
[    3.759188] md: multipath personality registered for level -4
[    3.764171] md: raid0 personality registered for level 0
[    3.768531] md: raid1 personality registered for level 1
[    3.836515] raid6: sse2x1   gen() 12761 MB/s
[    3.904452] raid6: sse2x1   xor() 10713 MB/s
[    3.972439] raid6: sse2x2   gen() 17782 MB/s
[    4.040450] raid6: sse2x2   xor() 12112 MB/s
[    4.108420] raid6: sse2x4   gen() 18706 MB/s
[    4.176428] raid6: sse2x4   xor() 13104 MB/s
[    4.244466] raid6: avx2x1   gen() 26950 MB/s
[    4.312433] raid6: avx2x2   gen() 30537 MB/s
[    4.380454] raid6: avx2x4   gen() 32750 MB/s
[    4.381546] raid6: using algorithm avx2x4 gen() 32750 MB/s
[    4.382810] raid6: using avx2x2 recovery algorithm
[    4.385152] xor: automatically using best checksumming function:
[    4.424419]    avx       : 29088.000 MB/sec
[    4.426529] async_tx: api initialized (async)
[    4.434765] md: raid6 personality registered for level 6
[    4.436180] md: raid5 personality registered for level 5
[    4.437591] md: raid4 personality registered for level 4
[    4.443895] md: raid10 personality registered for level 10
done.
Begin: Running /scripts/init-premount ... done.
Begin: Mounting root file system ... Begin: Running /scripts/local-top ... done.
Begin: Running /scripts/local-premount ... [    4.478220] Btrfs loaded
Scanning for Btrfs filesystems
done.
Warning: fsck not present, so skipping root file system
[    4.517451] EXT4-fs (sda1): mounted filesystem with ordered data mode. Opts: (null)
done.
Begin: Running /scripts/local-bottom ... done.
Begin: Running /scripts/init-bottom ... done.
[    4.624440] systemd[1]: systemd 229 running in system mode. (+PAM +AUDIT +SELINUX +IMA +APPARMOR +SMACK +SYSVINIT +UTMP +LIBCRYPTSETUP +GCRYPT +GNUTLS +ACL +XZ -LZ4 +SECCOMP +BLKID +ELFUTILS +KMOD -IDN)
[    4.628876] systemd[1]: Detected virtualization oracle.
[    4.630279] systemd[1]: Detected architecture x86-64.

Welcome to [1mUbuntu 16.04.7 LTS[0m!

[    4.641327] systemd[1]: Set hostname to <ubuntu>.
[    4.645011] systemd[1]: Initializing machine ID from random generator.
[    4.646405] systemd[1]: Installed transient /etc/machine-id file.
[    4.793896] systemd[1]: Set up automount Arbitrary Executable File Formats File System Automount Point.
[[0;32m  OK  [0m] Set up automount Arbitrary Executab...ats File System Automount Point.
[    4.898232] systemd[1]: Listening on Syslog Socket.
[[0;32m  OK  [0m] Listening on Syslog Socket.
[    4.905949] systemd[1]: Reached target Encrypted Volumes.
[[0;32m  OK  [0m] Reached target Encrypted Volumes.
[    4.914074] systemd[1]: Listening on udev Control Socket.
[[0;32m  OK  [0m] Listening on udev Control Socket.
[    5.294644] systemd[1]: Listening on LVM2 poll daemon socket.
[[0;32m  OK  [0m] Listening on LVM2 poll daemon socket.
[    5.424239] systemd[1]: Reached target System Time Synchronized.
[[0;32m  OK  [0m] Reached target System Time Synchronized.
[    5.434834] systemd[1]: Listening on /dev/initctl Compatibility Named Pipe.
[[0;32m  OK  [0m] Listening on /dev/initctl Compatibility Named Pipe.
[    5.443351] systemd[1]: Created slice System Slice.
[[0;32m  OK  [0m] Created slice System Slice.
[    5.553603] systemd[1]: Listening on Journal Audit Socket.
[[0;32m  OK  [0m] Listening on Journal Audit Socket.
[    5.600186] systemd[1]: Listening on udev Kernel Socket.
[[0;32m  OK  [0m] Listening on udev Kernel Socket.
[    5.809234] systemd[1]: Created slice system-serial\x2dgetty.slice.
[[0;32m  OK  [0m] Created slice system-serial\x2dgetty.slice.
[    5.852664] systemd[1]: Listening on Journal Socket.
[[0;32m  OK  [0m] Listening on Journal Socket.
[    5.864828] systemd[1]: Mounting Huge Pages File System...
         Mounting Huge Pages File System...
[    5.869579] systemd[1]: Starting Uncomplicated firewall...
         Starting Uncomplicated firewall...
[    5.881912] systemd[1]: Starting Set console keymap...
         Starting Set console keymap...
[    5.886324] systemd[1]: Starting Create list of required static device nodes for the current kernel...
         Starting Create list of required st... nodes for the current kernel...
[    5.901275] systemd[1]: Starting Nameserver information manager...
         Starting Nameserver information manager...
[    5.905439] systemd[1]: Mounting Debug File System...
         Mounting Debug File System...
[    5.915851] systemd[1]: Starting Load Kernel Modules...
         Starting Load Kernel Modules...
[    5.926387] systemd[1]: Created slice User and Session Slice.
[[0;32m  OK  [0m] Created slice User and Session Slice.
[    5.929854] Loading iSCSI transport class v2.0-870.
[    5.931358] systemd[1]: Listening on LVM2 metadata daemon socket.
[[0;32m  OK  [0m] Listening on LVM2 metadata daemon socket.
[    5.933949] systemd[1]: Started Trigger resolvconf update for networkd DNS.
[[0;32m  OK  [0m] Started Trigger resolvconf update for networkd DNS.
[    5.938013] systemd[1]: Reached target User and Group Name Lookups.
[[0;32m  OK  [0m] Reached target User and Group Name Lookups.
[    5.942821] iscsi: registered transport (tcp)
[    5.948535] systemd[1]: Reached target Slices.
[[0;32m  OK  [0m] Reached target Slices.
[    5.952598] systemd[1]: Listening on Device-mapper event daemon FIFOs.
[[0;32m  OK  [0m] Listening on Device-mapper event daemon FIFOs.
[    5.962144] systemd[1]: Started Forward Password Requests to Wall Directory Watch.
[[0;32m  OK  [0m] Started Forward Password Requests to Wall Directory Watch.
[    5.972050] iscsi: registered transport (iser)
[    5.973166] systemd[1]: Reached target Swap.
[[0;32m  OK  [0m] Reached target Swap.
[    5.975314] systemd[1]: Listening on Journal Socket (/dev/log).
[[0;32m  OK  [0m] Listening on Journal Socket (/dev/log).
[    5.992887] systemd[1]: Starting Journal Service...
         Starting Journal Service...
[    5.995999] systemd[1]: Starting Monitoring of LVM2 mirrors, snapshots etc. using dmeventd or progress polling...
         Starting Monitoring of LVM2 mirrors... dmeventd or progress polling...
[    6.000970] systemd[1]: Mounting POSIX Message Queue File System...
         Mounting POSIX Message Queue File System...
[    6.012749] systemd[1]: Listening on fsck to fsckd communication Socket.
[[0;32m  OK  [0m] Listening on fsck to fsckd communication Socket.
[    6.016829] systemd[1]: Starting File System Check on Root Device...
         Starting File System Check on Root Device...
[    6.026367] systemd[1]: Mounted POSIX Message Queue File System.
[[0;32m  OK  [0m] Mounted POSIX Message Queue File System.
[    6.040572] systemd[1]: Mounted Debug File System.
[[0;32m  OK  [0m] Mounted Debug File System.
[    6.042472] systemd[1]: Mounted Huge Pages File System.
[[0;32m  OK  [0m] Mounted Huge Pages File System.
[    6.048912] systemd[1]: Started Journal Service.
[[0;32m  OK  [0m] Started Journal Service.
[[0;32m  OK  [0m] Started Uncomplicated firewall.
[[0;32m  OK  [0m] Started Set console keymap.
[[0;32m  OK  [0m] Started Create list of required sta...ce nodes for the current kernel.
[[0;32m  OK  [0m] Started Load Kernel Modules.
[[0;32m  OK  [0m] Started File System Check on Root Device.
[[0;32m  OK  [0m] Started Nameserver information manager.
[[0;32m  OK  [0m] Started LVM2 metadata daemon.
[[0;32m  OK  [0m] Started File System Check Daemon to report status.
         Starting Remount Root and Kernel File Systems...
         Starting Apply Kernel Variables...
         Mounting FUSE Control File System...
[    6.108230] EXT4-fs (sda1): re-mounted. Opts: (null)
         Starting Create Static Device Nodes in /dev...
[[0;32m  OK  [0m] Mounted FUSE Control File System.
[[0;32m  OK  [0m] Started Remount Root and Kernel File Systems.
[[0;32m  OK  [0m] Started Apply Kernel Variables.
[[0;32m  OK  [0m] Started Create Static Device Nodes in /dev.
         Starting udev Kernel Device Manager...
         Starting Flush Journal to Persistent Storage...
         Starting Load/Save Random Seed...
         Starting udev Coldplug all Devices...
[[0;32m  OK  [0m] Started Load/Save Random Seed.
[[0;32m  OK  [0m] Started Flush Journal to Persistent Storage.
[[0;32m  OK  [0m] Started udev Kernel Device Manager.
[[0;32m  OK  [0m] Started udev Coldplug all Devices.
[[0;32m  OK  [0m] Started Dispatch Password Requests to Console Directory Watch.
[[0;32m  OK  [0m] Found device /dev/ttyS0.
[[0;32m  OK  [0m] Listening on Load/Save RF Kill Switch Status /dev/rfkill Watch.
[[0;32m  OK  [0m] Started Monitoring of LVM2 mirrors,...ng dmeventd or progress polling.
[[0;32m  OK  [0m] Reached target Local File Systems (Pre).
[[0;32m  OK  [0m] Reached target Local File Systems.
         Starting Commit a transient machine-id on disk...
         Starting Tell Plymouth To Write Out Runtime Data...
         Starting LSB: AppArmor initialization...
         Starting Set console font and keymap...
         Starting Create Volatile Files and Directories...
         Starting Initial cloud-init job (pre-networking)...
[[0;32m  OK  [0m] Started Commit a transient machine-id on disk.
[[0;32m  OK  [0m] Started Tell Plymouth To Write Out Runtime Data.
[[0;32m  OK  [0m] Started Create Volatile Files and Directories.
         Starting Update UTMP about System Boot/Shutdown...
[[0;32m  OK  [0m] Started Update UTMP about System Boot/Shutdown.
[[0;32m  OK  [0m] Started Set console font and keymap.
[[0;32m  OK  [0m] Created slice system-getty.slice.
[    8.335196] cloud-init[661]: Cloud-init v. 21.1-19-gbad84ad4-0ubuntu1~16.04.2 running 'init-local' at Sat, 22 May 2021 16:34:42 +0000. Up 7.94 seconds.
[[0;32m  OK  [0m] Started Initial cloud-init job (pre-networking).
[[0;32m  OK  [0m] Reached target Network (Pre).
[[0;32m  OK  [0m] Started LSB: AppArmor initialization.
         Starting Load AppArmor profiles managed internally by snapd...
         Starting Raise network interfaces...
[[0;32m  OK  [0m] Started Load AppArmor profiles managed internally by snapd.
[[0;32m  OK  [0m] Started Raise network interfaces.
[[0;32m  OK  [0m] Reached target Network.
         Starting Initial cloud-init job (metadata service crawler)...
[    9.931775] cloud-init[962]: Cloud-init v. 21.1-19-gbad84ad4-0ubuntu1~16.04.2 running 'init' at Sat, 22 May 2021 16:34:44 +0000. Up 9.29 seconds.
[    9.933803] cloud-init[962]: ci-info: ++++++++++++++++++++++++++++++++++++++Net device info+++++++++++++++++++++++++++++++++++++++
[    9.935353] cloud-init[962]: ci-info: +--------+-------+----------------------------+---------------+--------+-------------------+
[    9.944295] cloud-init[962]: ci-info: | Device |   Up  |          Address           |      Mask     | Scope  |     Hw-Address    |
[    9.945614] cloud-init[962]: ci-info: +--------+-------+----------------------------+---------------+--------+-------------------+
[    9.946750] cloud-init[962]: ci-info: | enp0s3 |  True |         10.0.2.15          | 255.255.255.0 | global | 02:ed:98:3c:8e:82 |
[    9.952377] cloud-init[962]: ci-info: | enp0s3 |  True | fe80::ed:98ff:fe3c:8e82/64 |       .       |  link  | 02:ed:98:3c:8e:82 |
[    9.953910] cloud-init[962]: ci-info: | enp0s8 | False |             .              |       .       |   .    | 08:00:27:c3:db:c0 |
[    9.955362] cloud-init[962]: ci-info: |   lo   |  True |         127.0.0.1          |   255.0.0.0   |  host  |         .         |
[    9.964416] cloud-init[962]: ci-info: |   lo   |  True |          ::1/128           |       .       |  host  |         .         |
[    9.966143] cloud-init[962]: ci-info: +--------+-------+----------------------------+---------------+--------+-------------------+
[    9.972376] cloud-init[962]: ci-info: +++++++++++++++++++++++++++Route IPv4 info++++++++++++++++++++++++++++
[    9.981140] cloud-init[962]: ci-info: +-------+-------------+----------+---------------+-----------+-------+
[[0;32m  OK  [0m] Started Initial cloud-init job (metadata service crawler).
[[0;32m  OK  [0m] Reached target Cloud-config availability.
[[0;32m  OK  [0m] Reached target Network is Online.
[    9.997631] cloud-init[962]: ci-info: | Route | Destination | Gateway  |    Genmask    | Interface | Flags |
[   10.021432] cloud-init[962]: ci-info: +-------+-------------+----------+---------------+-----------+-------+
         Starting iSCSI initiator daemon (iscsid)...
[[0;32m  OK  [0m] Reached target System Initialization.
[[0;32m  OK  [0m] Listening on ACPID Listen Socket.
[[0;32m  OK  [0m] Started Daily apt download activities.
[[0;32m  OK  [0m] Listening on UUID daemon activation socket.
[[0;32m  OK  [0m] Listening on D-Bus System Message Bus Socket.
[   10.025903] cloud-init[962]: ci-info: |   0   |   0.0.0.0   | 10.0.2.2 |    0.0.0.0    |   enp0s3  |   UG  |
[   10.036285] cloud-init[962]: ci-info: |   1   |   10.0.2.0  | 0.0.0.0  | 255.255.255.0 |   enp0s3  |   U   |
         Starting Socket activation for snappy daemon.
[   10.041145] cloud-init[962]: ci-info: +-------+-------------+----------+---------------+-----------+-------+
[[0;32m  OK  [0m] Started ACPI Events Check.
[[0;32m  OK  [0m] Reached target Paths.
[[0;32m  OK  [0m] Started Daily apt upgrade and clean activities.
[   10.059853] cloud-init[962]: ci-info: +++++++++++++++++++Route IPv6 info+++++++++++++++++++
[[0;32m  OK  [0m] Started Message of the Day.
[   10.092247] cloud-init[962]: ci-info: +-------+-------------+---------+-----------+-------+
[   10.105355] cloud-init[962]: ci-info: | Route | Destination | Gateway | Interface | Flags |
         [   10.107577] Starting LXD - unix socket.cloud-init
[962]: ci-info: +-------+-------------+---------+-----------+-------+
[   10.116385] cloud-init[962]: ci-info: |   0   |  fe80::/64  |    ::   |   enp0s3  |   U   |
[   10.116916] cloud-init[962]: ci-info: |   3   |   ff00::/8  |    ::   |   enp0s3  |   U   |
[   10.117184] cloud-init[962]: ci-info: +-------+-------------+---------+-----------+-------+
[   10.117687] cloud-init[962]: Generating public/private rsa key pair.
[   10.118292] cloud-init[962]: Your identification has been saved in /etc/ssh/ssh_host_rsa_key.
[   10.118637] cloud-init[962]: Your public key has been saved in /etc/ssh/ssh_host_rsa_key.pub.
[   10.119247] cloud-init[962]: The key fingerprint is:
[   10.119803] cloud-init[962]: SHA256:BFF7eVigdypRk7zXvPwrkNIwo8qXJ+8wWSFFpYiA7zc root@ubuntu-xenial
[   10.120281] cloud-init[962]: The key's randomart image is:
[   10.120737] cloud-init[962]: +---[RSA 2048]----+
[[0;32m  OK  [0m] Started Daily Cleanup of Temporary Directories.
[   10.120976] cloud-init[962]: |  ..  ooo+=+.    |
[[0;32m  OK  [0m] Reached target Timers.
[   10.133280] cloud-init[962]: | .  . ..o++=     |
[   10.141900] cloud-init[962]: |  .  . o=o=.oo   |
[   10.142735] cloud-init[962]: |   .   ..Bo+. o  |
[   10.143643] cloud-init[962]: |  .     S.*... . |
[   10.144500] cloud-init[962]: |   . E .oo +  o  |
[   10.152651] cloud-init[962]: |    o o+. . .  . |
[   10.160353] cloud-init[962]: |     o +o.   .  .|
[   10.160641] cloud-init[962]: |      . =o    ...|
[   10.160697] cloud-init[962]: +----[SHA256]-----+
[   10.161111] cloud-init[962]: Generating public/private dsa key pair.
[   10.161321] cloud-init[962]: Your identification has been saved in /etc/ssh/ssh_host_dsa_key.
[   10.161525] cloud-init[962]: Your public key has been saved in /etc/ssh/ssh_host_dsa_key.pub.
[   10.161835] cloud-init[962]: The key fingerprint is:
[   10.162133] cloud-init[962]: SHA256:PD+M64CI5/GReJmjmhZIch0xIZIoUUaURS6lzs8+OaQ root@ubuntu-xenial
[[0;32m  OK  [0m] Listening on Socket activation for snappy daemon.
[[0;32m  OK  [0m] Listening on LXD - unix socket.
[   10.162178] cloud-init[962]: The key's randomart image is:
[   10.167162] cloud-init[962]: +---[DSA 1024]----+
[   10.167419] cloud-init[962]: |+**+Bo           |
[   10.167850] cloud-init[962]: |+o.=..           |
[   10.168403] cloud-init[962]: |. o...           |
[   10.168878] cloud-init[962]: |.+...  .         |
[   10.169149] cloud-init[962]: |+.o     S        |
[   10.169430] cloud-init[962]: |.o =.=   =       |
[   10.169725] cloud-init[962]: |. *o@.. . +      |
[   10.170019] cloud-init[962]: | =E*+o . . .     |
[   10.170314] cloud-init[962]: |+.o oo .o        |
[   10.170620] cloud-init[962]: +----[SHA256]-----+
[   10.170913] cloud-init[962]: Generating public/private ecdsa key pair.
[   10.171211] cloud-init[962]: Your identification has been saved in /etc/ssh/ssh_host_ecdsa_key.
[   10.171507] cloud-init[962]: Your public key has been saved in /etc/ssh/ssh_host_ecdsa_key.pub.
[   10.171986] cloud-init[962]: The key fingerprint is:
[   10.172421] cloud-init[962]: SHA256:RkLZPI/ywiin01FDiqk+0rVmFC9ajogCBm2pIo87YAs root@ubuntu-xenial
[   10.172766] cloud-init[962]: The key's randomart image is:
[   10.173049] cloud-init[962]: +---[ECDSA 256]---+
[   10.173339] cloud-init[962]: |      .+         |
[   10.173632] cloud-init[962]: |     .o +        |
[   10.173925] cloud-init[962]: | . + o. .+       |
[   10.174222] cloud-init[962]: |. * o +o. .      |
[   10.174527] cloud-init[962]: |.+   * +S        |
[   10.174820] cloud-init[962]: |Eo. O +..        |
[   10.175117] cloud-init[962]: |@=.% + .         |
[   10.175410] cloud-init[962]: |B+B *            |
[   10.175699] cloud-init[962]: |+o.+             |
[   10.175975] cloud-init[962]: +----[SHA256]-----+
[   10.176275] cloud-init[962]: Generating public/private ed25519 key pair.
[   10.176604] cloud-init[962]: Your identification has been saved in /etc/ssh/ssh_host_ed25519_key.
[   10.176896] cloud-init[962]: Your public key has been saved in /etc/ssh/ssh_host_ed25519_key.pub.
[   10.177190] cloud-init[962]: The key fingerprint is:
[   10.177484] cloud-init[962]: SHA256:8bThMtPAUmTzfP/nmFwj3DH96GuqxeR8Ug8A3EXuWXI root@ubuntu-xenial
[   10.177762] cloud-init[962]: The key's randomart image is:
[   10.178056] cloud-init[962]: +--[ED25519 256]--+
[   10.178352] cloud-init[962]: |       .=... oo  |
[   10.178504] cloud-init[962]: |       + +....   |
[   10.179035] cloud-init[962]: |      . + = o o E|
[   10.179252] cloud-init[962]: |       . B + + =.|
[   10.179572] cloud-init[962]: |        S = . *o.|
[   10.179883] cloud-init[962]: |         + =...=+|
[   10.180363] cloud-init[962]: |            *ooo*|
[   10.180650] cloud-init[962]: |           . =o=o|
[   10.180951] cloud-init[962]: |          ...o*..|
[   10.181252] cloud-init[962]: +----[SHA256]-----+
[[0;32m  OK  [0m] Started iSCSI initiator daemon (iscsid).
         Starting Login to default iSCSI targets...
[[0;32m  OK  [0m] Reached target Sockets.
[[0;32m  OK  [0m] Reached target Basic System.
         Starting Login Service...
         Starting System Logging Service...
[[0;32m  OK  [0m] Started Regular background program processing daemon.
         Starting LSB: MD monitoring daemon...
         Starting /etc/rc.local Compatibility...
         Starting LSB: Record successful boot for GRUB...
[[0;32m  OK  [0m] Started ACPI event daemon.
         Starting Virtualbox guest utils...
         Starting Accounts Service...
         Starting LXD - container startup/shutdown...
[[0;32m  OK  [0m] Started Deferred execution scheduler.
         Starting Snap Daemon...
[[0;32m  OK  [0m] Started D-Bus System Message Bus.
         Starting Pollinate to seed the pseudo random number generator...
[[0;32m  OK  [0m] Started FUSE filesystem for LXC.
[[0;32m  OK  [0m] Started System Logging Service.
[[0;32m  OK  [0m] Started /etc/rc.local Compatibility.
[[0;32m  OK  [0m] Started LSB: MD monitoring daemon.
[[0;32m  OK  [0m] Started LXD - container startup/shutdown.
[[0;32m  OK  [0m] Started Login Service.
[[0;32m  OK  [0m] Started Unattended Upgrades Shutdown.
         Starting Authenticate and Authorize Users to Run Privileged Tasks...
[[0;32m  OK  [0m] Started Login to default iSCSI targets.
[[0;32m  OK  [0m] Reached target Remote File Systems (Pre).
[[0;32m  OK  [0m] Reached target Remote File Systems.
         Starting LSB: daemon to balance interrupts for SMP systems...
         Starting Permit User Sessions...
         Starting LSB: automatic crash report generation...
         Starting LSB: Set the CPU Frequency Scaling governor to "ondemand"...
[[0;32m  OK  [0m] Started LSB: Record successful boot for GRUB.
[[0;32m  OK  [0m] Started Permit User Sessions.
         Starting Hold until boot process finishes up...
         Starting Terminate Plymouth Boot Screen...
[[0;32m  OK  [0m] Started LSB: daemon to balance interrupts for SMP systems.
[[0;32m  OK  [0m] Started Hold until boot process finishes up.
[[0;32m  OK  [0m] Started LSB: automatic crash report generation.
[[0;32m  OK  [0m] Started Terminate Plymouth Boot Screen.
[[0;32m  OK  [0m] Started Authenticate and Authorize Users to Run Privileged Tasks.
[[0;32m  OK  [0m] Started Accounts Service.
         Starting Set console scheme...
[[0;32m  OK  [0m] Started Serial Getty on ttyS0.
[[0;32m  OK  [0m] Started Getty on tty1.
[[0;32m  OK  [0m] Reached target Login Prompts.
[[0;32m  OK  [0m] Started Virtualbox guest utils.
[[0;32m  OK  [0m] Started LSB: Set the CPU Frequency Scaling governor to "ondemand".
[[0;32m  OK  [0m] Started Set console scheme.
[[0;32m  OK  [0m] Started Snap Daemon.
         Starting Wait until snapd is fully seeded...
[[0;32m  OK  [0m] Started Wait until snapd is fully seeded.
         Starting Apply the settings specified in cloud-config...
[[0;32m  OK  [0m] Started Pollinate to seed the pseudo random number generator.
         Starting OpenBSD Secure Shell server...
[[0;32m  OK  [0m] Started OpenBSD Secure Shell server.
[[0;32m  OK  [0m] Reached target Multi-User System.
[[0;32m  OK  [0m] Reached target Graphical Interface.
         Starting Update UTMP about System Runlevel Changes...
[[0;32m  OK  [0m] Started Update UTMP about System Runlevel Changes.
[   11.619644] cloud-init[1275]: Generating locales (this might take a while)...
[[0;32m  OK  [0m] Created slice User Slice of vagrant.
         Starting User Manager for UID 1000...
[[0;32m  OK  [0m] Started Session 1 of user vagrant.
[[0;32m  OK  [0m] Started User Manager for UID 1000.
[   13.411644] cloud-init[1275]:   en_US.UTF-8... done
[   13.416621] cloud-init[1275]: Generation complete.
[   13.784944] cloud-init[1275]: Cloud-init v. 21.1-19-gbad84ad4-0ubuntu1~16.04.2 running 'modules:config' at Sat, 22 May 2021 16:34:46 +0000. Up 11.44 seconds.
[[0;32m  OK  [0m] Started Apply the settings specified in cloud-config.
         Starting Execute cloud user/final scripts...
ci-info: no authorized SSH keys fingerprints found for user ubuntu.
<14>May 22 16:34:49 ec2: 
<14>May 22 16:34:49 ec2: #############################################################
<14>May 22 16:34:49 ec2: -----BEGIN SSH HOST KEY FINGERPRINTS-----
<14>May 22 16:34:49 ec2: 1024 SHA256:PD+M64CI5/GReJmjmhZIch0xIZIoUUaURS6lzs8+OaQ root@ubuntu-xenial (DSA)
<14>May 22 16:34:49 ec2: 256 SHA256:RkLZPI/ywiin01FDiqk+0rVmFC9ajogCBm2pIo87YAs root@ubuntu-xenial (ECDSA)
<14>May 22 16:34:49 ec2: 256 SHA256:8bThMtPAUmTzfP/nmFwj3DH96GuqxeR8Ug8A3EXuWXI root@ubuntu-xenial (ED25519)
<14>May 22 16:34:49 ec2: 2048 SHA256:BFF7eVigdypRk7zXvPwrkNIwo8qXJ+8wWSFFpYiA7zc root@ubuntu-xenial (RSA)
<14>May 22 16:34:49 ec2: -----END SSH HOST KEY FINGERPRINTS-----
<14>May 22 16:34:49 ec2: #############################################################
-----BEGIN SSH HOST KEY KEYS-----
ecdsa-sha2-nistp256 AAAAE2VjZHNhLXNoYTItbmlzdHAyNTYAAAAIbmlzdHAyNTYAAABBBLE3WOnk8lSFDj7UOs1V7YBxxs6Ni2VLeCaWeGpzIMxlS9kR364Uz2MNvd+ymR+JWnDsdwMcLAC9pvAstX77kWs= root@ubuntu-xenial
ssh-ed25519 AAAAC3NzaC1lZDI1NTE5AAAAIL4dzA2BxrWGCejLc0t9YWUyHCEKdHFJ8vdrXwhW5MfM root@ubuntu-xenial
ssh-rsa AAAAB3NzaC1yc2EAAAADAQABAAABAQC+CfTYnnnP6LHtVeP4hK4JDGIy6ujKmFAG/qzax5K5lS2Qr+5/XQxsy4dEGAN3h6jPlfO+Stkd+LJJRJjUOaqU4a94LtpVjRGKW3IAVhcev6wy47VyKZtDDP7YZ7TPEA9Gmq4fdkMfrzSgfZEXOAKqyfGensXE0/hNh+xiy8pF9a3aXW7lrZYu1y8rUz+JoaVCHKb72cClfE1Ej6jT+CFfuu2hhFxoyd5JgfPLHAtDHFXwE9DVhEvyKEiaZeIxc8BQiRBRQTeagjMTgJQSs/rCHrlk+c5pKlYvQn1efpbsKmjkjr2wtCJhSBDC8hR7Go/Q0Ui0VYUJZKvU/nB+LR1v root@ubuntu-xenial
-----END SSH HOST KEY KEYS-----
[   14.449394] cloud-init[1440]: Cloud-init v. 21.1-19-gbad84ad4-0ubuntu1~16.04.2 running 'modules:final' at Sat, 22 May 2021 16:34:48 +0000. Up 14.23 seconds.
[   14.452081] cloud-init[1440]: ci-info: no authorized SSH keys fingerprints found for user ubuntu.
[   14.453530] cloud-init[1440]: Cloud-init v. 21.1-19-gbad84ad4-0ubuntu1~16.04.2 finished at Sat, 22 May 2021 16:34:49 +0000. Datasource DataSourceNoCloud [seed=/dev/sdb][dsmode=net].  Up 14.44 seconds
[[0;32m  OK  [0m] Started Execute cloud user/final scripts.
[[0;32m  OK  [0m] Reached target Cloud-init target.

Ubuntu 16.04.7 LTS ubuntu-xenial ttyS0

ubuntu-xenial login: 